{"/Users/jijraj/projects/reactive-test/lib/tests/setupEnzyme.js": {"path":"/Users/jijraj/projects/reactive-test/lib/tests/setupEnzyme.js","statementMap":{"0":{"start":{"line":1,"column":15},"end":{"line":1,"column":32}},"1":{"start":{"line":2,"column":16},"end":{"line":2,"column":50}},"2":{"start":{"line":4,"column":0},"end":{"line":4,"column":45}}},"fnMap":{},"branchMap":{},"s":{"0":1,"1":1,"2":1},"f":{},"b":{},"_coverageSchema":"332fd63041d2c1bcb487cc26dd0d5f7d97098a6c","hash":"cd97d2d361872073970c2aa22777f4afd945ada8"}
,"/Users/jijraj/projects/reactive-test/lib/tests/setupShim.js": {"path":"/Users/jijraj/projects/reactive-test/lib/tests/setupShim.js","statementMap":{"0":{"start":{"line":1,"column":0},"end":{"line":3,"column":2}},"1":{"start":{"line":2,"column":2},"end":{"line":2,"column":26}}},"fnMap":{"0":{"name":"(anonymous_0)","decl":{"start":{"line":1,"column":31},"end":{"line":1,"column":32}},"loc":{"start":{"line":1,"column":50},"end":{"line":3,"column":1}},"line":1}},"branchMap":{},"s":{"0":1,"1":0},"f":{"0":0},"b":{},"_coverageSchema":"332fd63041d2c1bcb487cc26dd0d5f7d97098a6c","hash":"e5ee97108e60699804925299d0f52d439ebae238"}
,"/Users/jijraj/projects/reactive-test/src/ui/components/Footer.tsx": {"path":"/Users/jijraj/projects/reactive-test/src/ui/components/Footer.tsx","statementMap":{"0":{"start":{"line":2,"column":0},"end":{"line":2,"column":62}},"1":{"start":{"line":3,"column":14},"end":{"line":3,"column":30}},"2":{"start":{"line":4,"column":28},"end":{"line":4,"column":56}},"3":{"start":{"line":5,"column":18},"end":{"line":17,"column":1}},"4":{"start":{"line":18,"column":15},"end":{"line":18,"column":79}},"5":{"start":{"line":18,"column":22},"end":{"line":18,"column":78}},"6":{"start":{"line":19,"column":0},"end":{"line":19,"column":25}}},"fnMap":{"0":{"name":"(anonymous_0)","decl":{"start":{"line":18,"column":15},"end":{"line":18,"column":16}},"loc":{"start":{"line":18,"column":22},"end":{"line":18,"column":78}},"line":18}},"branchMap":{},"s":{"0":1,"1":1,"2":1,"3":1,"4":1,"5":1,"6":1},"f":{"0":1},"b":{},"_coverageSchema":"332fd63041d2c1bcb487cc26dd0d5f7d97098a6c","hash":"2a4e6480a989884194ec2c715aa14cc91871a098"}
}
